[2025-04-15 02:25:57] INFO: Logging system initialized
[2025-04-15 02:25:57] INFO: All directories initialized
[2025-04-15 02:25:57] INFO: File list updated - 0 files found
[2025-04-15 02:26:12] INFO: Created 56 dummy EDI files in Shared/
[2025-04-15 02:26:13] INFO: File list updated - 56 files found
[2025-04-15 02:43:02] INFO: File list updated - 1 files found
[2025-04-15 02:43:08] INFO: Created 300 dummy EDI files in C:/Users/Austin/Desktop/EDI_process/source_folder\
[2025-04-15 02:43:09] INFO: File list updated - 301 files found
[2025-04-15 11:49:22] INFO: File list updated - 1 files found
[2025-04-15 13:08:46] INFO: Logging system initialized
[2025-04-15 13:08:46] INFO: All directories initialized
[2025-04-15 13:08:46] INFO: File list updated - 56 files found
[2025-04-15 13:09:01] INFO: File list updated - 1 files found
[2025-04-15 13:09:05] INFO: Created 50 dummy EDI files in C:/Users/Austin/Desktop/EDI_process/source_folder\
[2025-04-15 13:09:07] INFO: File list updated - 51 files found
[2025-04-15 13:10:26] INFO: Created 50 dummy EDI files in C:/Users/Austin/Desktop/EDI_process/source_folder\
[2025-04-15 13:10:27] INFO: File list updated - 51 files found
[2025-04-15 14:17:51] INFO: Logging system initialized
[2025-04-15 14:17:51] INFO: All directories initialized
[2025-04-15 14:17:51] INFO: File list updated - 0 files found
[2025-04-15 14:18:09] INFO: File list updated - 11 files found
[2025-04-15 14:18:12] INFO: Created backup ZIP: Zipped/backup_20250415141812.zip
[2025-04-15 14:20:55] INFO: Created backup ZIP: Zipped/backup_20250415142055.zip
