[2025-04-14 03:08:06] INFO: Logging system initialized
[2025-04-14 03:08:06] INFO: All directories initialized
[2025-04-14 03:08:06] INFO: File list updated - 0 files found
[2025-04-14 03:08:27] INFO: File list updated - 1 files found
[2025-04-14 03:08:36] INFO: Created 100 dummy EDI files in C:/Users/Austin/Desktop/EDI_process/source_folder\
[2025-04-14 03:08:39] INFO: File list updated - 101 files found
[2025-04-14 03:09:04] INFO: File list updated - 101 files found
[2025-04-14 03:34:53] INFO: Logging system initialized
[2025-04-14 03:34:53] INFO: All directories initialized
[2025-04-14 03:34:53] INFO: File list updated - 0 files found
[2025-04-14 03:35:18] INFO: Created 100 dummy EDI files in Shared/
[2025-04-14 03:35:19] INFO: File list updated - 100 files found
[2025-04-14 03:46:45] INFO: File list updated - 100 files found
[2025-04-14 03:46:51] INFO: File list updated - 1 files found
[2025-04-14 03:46:56] INFO: Created 200 dummy EDI files in C:/Users/Austin/Desktop/EDI_process/source_folder\
[2025-04-14 03:46:57] INFO: File list updated - 201 files found
[2025-04-14 05:39:57] INFO: Logging system initialized
[2025-04-14 05:39:57] INFO: All directories initialized
[2025-04-14 05:39:57] INFO: File list updated - 100 files found
[2025-04-14 11:05:27] INFO: Logging system initialized
[2025-04-14 11:05:27] INFO: All directories initialized
[2025-04-14 11:05:27] INFO: File list updated - 0 files found
[2025-04-14 11:06:14] INFO: File list updated - 1 files found
[2025-04-14 11:06:28] INFO: Created 100 dummy EDI files in C:/Users/Austin/Desktop/EDI_process/source_folder\
[2025-04-14 11:06:30] INFO: File list updated - 101 files found
[2025-04-14 13:54:21] INFO: Logging system initialized
[2025-04-14 13:54:21] INFO: All directories initialized
[2025-04-14 13:54:21] INFO: File list updated - 0 files found
[2025-04-14 13:59:39] INFO: File list updated - 101 files found
[2025-04-14 14:20:13] INFO: Logging system initialized
[2025-04-14 14:20:13] INFO: All directories initialized
[2025-04-14 14:20:13] INFO: File list updated - 0 files found
[2025-04-14 14:21:22] INFO: Logging system initialized
[2025-04-14 14:21:22] INFO: All directories initialized
[2025-04-14 14:21:22] INFO: File list updated - 0 files found
[2025-04-14 14:38:58] INFO: Logging system initialized
[2025-04-14 14:38:58] INFO: All directories initialized
[2025-04-14 14:38:58] INFO: File list updated - 0 files found
[2025-04-14 22:51:10] INFO: Logging system initialized
[2025-04-14 22:51:10] INFO: All directories initialized
[2025-04-14 22:51:10] INFO: File list updated - 0 files found
[2025-04-14 22:51:21] INFO: File list updated - 1 files found
[2025-04-14 22:51:24] INFO: Created 200 dummy EDI files in C:/Users/Austin/Desktop/EDI_process/source_folder\
[2025-04-14 22:51:25] INFO: File list updated - 201 files found
